[2026-02-02T11:15:21.354+0000] {manager.py:469} INFO - Processing files using up to 2 processes at a time 
[2026-02-02T11:15:21.354+0000] {manager.py:470} INFO - Process each file at most once every 30 seconds
[2026-02-02T11:15:21.354+0000] {manager.py:471} INFO - Checking for new files in /opt/airflow/dags every 300 seconds
[2026-02-02T11:15:21.354+0000] {manager.py:738} INFO - Searching for files in /opt/airflow/dags
[2026-02-02T11:15:21.355+0000] {manager.py:741} INFO - There are 1 files in /opt/airflow/dags
[2026-02-02T11:15:21.476+0000] {manager.py:879} INFO - 
================================================================================
DAG File Processing Stats

File Path                                 PID  Runtime      # DAGs    # Errors  Last Runtime    Last Run
--------------------------------------  -----  ---------  --------  ----------  --------------  ----------
/opt/airflow/dags/nyc_taxi_pipeline.py    167  0.05s             0           0
================================================================================
[2026-02-02T11:15:51.604+0000] {manager.py:879} INFO - 
================================================================================
DAG File Processing Stats

File Path                               PID    Runtime      # DAGs    # Errors  Last Runtime    Last Run
--------------------------------------  -----  ---------  --------  ----------  --------------  -------------------
/opt/airflow/dags/nyc_taxi_pipeline.py                           2           0  0.51s           2026-02-02T11:15:21
================================================================================
[2026-02-02T11:16:22.206+0000] {manager.py:879} INFO - 
================================================================================
DAG File Processing Stats

File Path                                 PID  Runtime      # DAGs    # Errors  Last Runtime    Last Run
--------------------------------------  -----  ---------  --------  ----------  --------------  -------------------
/opt/airflow/dags/nyc_taxi_pipeline.py    178  0.01s             2           0  0.12s           2026-02-02T11:15:52
================================================================================
[2026-02-02T11:16:46.084+0000] {manager.py:451} INFO - Exiting gracefully upon receiving signal 15
