[2026-02-02T11:15:21.437+0000] {processor.py:161} INFO - Started process (PID=167) to work on /opt/airflow/dags/nyc_taxi_pipeline.py
[2026-02-02T11:15:21.438+0000] {processor.py:830} INFO - Processing file /opt/airflow/dags/nyc_taxi_pipeline.py for tasks to queue
[2026-02-02T11:15:21.439+0000] {logging_mixin.py:188} INFO - [2026-02-02T11:15:21.439+0000] {dagbag.py:538} INFO - Filling up the DagBag from /opt/airflow/dags/nyc_taxi_pipeline.py
[2026-02-02T11:15:21.485+0000] {processor.py:840} INFO - DAG(s) 'nyc_taxi_monthly_refresh', 'nyc_taxi_full_pipeline' retrieved from /opt/airflow/dags/nyc_taxi_pipeline.py
[2026-02-02T11:15:21.795+0000] {logging_mixin.py:188} INFO - [2026-02-02T11:15:21.794+0000] {override.py:1769} INFO - Created Permission View: can read on DAG:nyc_taxi_monthly_refresh
[2026-02-02T11:15:21.808+0000] {logging_mixin.py:188} INFO - [2026-02-02T11:15:21.808+0000] {override.py:1769} INFO - Created Permission View: can edit on DAG:nyc_taxi_monthly_refresh
[2026-02-02T11:15:21.820+0000] {logging_mixin.py:188} INFO - [2026-02-02T11:15:21.820+0000] {override.py:1769} INFO - Created Permission View: can delete on DAG:nyc_taxi_monthly_refresh
[2026-02-02T11:15:21.840+0000] {logging_mixin.py:188} INFO - [2026-02-02T11:15:21.840+0000] {override.py:1769} INFO - Created Permission View: can read on DAG:nyc_taxi_full_pipeline
[2026-02-02T11:15:21.847+0000] {logging_mixin.py:188} INFO - [2026-02-02T11:15:21.846+0000] {override.py:1769} INFO - Created Permission View: can edit on DAG:nyc_taxi_full_pipeline
[2026-02-02T11:15:21.856+0000] {logging_mixin.py:188} INFO - [2026-02-02T11:15:21.856+0000] {override.py:1769} INFO - Created Permission View: can delete on DAG:nyc_taxi_full_pipeline
[2026-02-02T11:15:21.857+0000] {logging_mixin.py:188} INFO - [2026-02-02T11:15:21.856+0000] {dag.py:3036} INFO - Sync 2 DAGs
[2026-02-02T11:15:21.874+0000] {logging_mixin.py:188} INFO - [2026-02-02T11:15:21.873+0000] {dag.py:3058} INFO - Creating ORM DAG for nyc_taxi_full_pipeline
[2026-02-02T11:15:21.874+0000] {logging_mixin.py:188} INFO - [2026-02-02T11:15:21.874+0000] {dag.py:3058} INFO - Creating ORM DAG for nyc_taxi_monthly_refresh
[2026-02-02T11:15:21.890+0000] {logging_mixin.py:188} INFO - [2026-02-02T11:15:21.890+0000] {dag.py:3823} INFO - Setting next_dagrun for nyc_taxi_full_pipeline to None, run_after=None
[2026-02-02T11:15:21.894+0000] {logging_mixin.py:188} INFO - [2026-02-02T11:15:21.893+0000] {dag.py:3823} INFO - Setting next_dagrun for nyc_taxi_monthly_refresh to 2026-01-01 02:00:00+00:00, run_after=2026-02-01 02:00:00+00:00
[2026-02-02T11:15:21.921+0000] {processor.py:183} INFO - Processing /opt/airflow/dags/nyc_taxi_pipeline.py took 0.487 seconds
[2026-02-02T11:15:52.084+0000] {processor.py:161} INFO - Started process (PID=173) to work on /opt/airflow/dags/nyc_taxi_pipeline.py
[2026-02-02T11:15:52.087+0000] {processor.py:830} INFO - Processing file /opt/airflow/dags/nyc_taxi_pipeline.py for tasks to queue
[2026-02-02T11:15:52.088+0000] {logging_mixin.py:188} INFO - [2026-02-02T11:15:52.088+0000] {dagbag.py:538} INFO - Filling up the DagBag from /opt/airflow/dags/nyc_taxi_pipeline.py
[2026-02-02T11:15:52.111+0000] {processor.py:840} INFO - DAG(s) 'nyc_taxi_monthly_refresh', 'nyc_taxi_full_pipeline' retrieved from /opt/airflow/dags/nyc_taxi_pipeline.py
[2026-02-02T11:15:52.143+0000] {logging_mixin.py:188} INFO - [2026-02-02T11:15:52.142+0000] {dag.py:3036} INFO - Sync 2 DAGs
[2026-02-02T11:15:52.157+0000] {logging_mixin.py:188} INFO - [2026-02-02T11:15:52.157+0000] {dag.py:3823} INFO - Setting next_dagrun for nyc_taxi_full_pipeline to None, run_after=None
[2026-02-02T11:15:52.161+0000] {logging_mixin.py:188} INFO - [2026-02-02T11:15:52.161+0000] {dag.py:3823} INFO - Setting next_dagrun for nyc_taxi_monthly_refresh to 2026-01-01 02:00:00+00:00, run_after=2026-02-01 02:00:00+00:00
[2026-02-02T11:15:52.175+0000] {processor.py:183} INFO - Processing /opt/airflow/dags/nyc_taxi_pipeline.py took 0.096 seconds
[2026-02-02T11:16:22.217+0000] {processor.py:161} INFO - Started process (PID=178) to work on /opt/airflow/dags/nyc_taxi_pipeline.py
[2026-02-02T11:16:22.219+0000] {processor.py:830} INFO - Processing file /opt/airflow/dags/nyc_taxi_pipeline.py for tasks to queue
[2026-02-02T11:16:22.220+0000] {logging_mixin.py:188} INFO - [2026-02-02T11:16:22.220+0000] {dagbag.py:538} INFO - Filling up the DagBag from /opt/airflow/dags/nyc_taxi_pipeline.py
[2026-02-02T11:16:22.234+0000] {processor.py:840} INFO - DAG(s) 'nyc_taxi_monthly_refresh', 'nyc_taxi_full_pipeline' retrieved from /opt/airflow/dags/nyc_taxi_pipeline.py
[2026-02-02T11:16:22.260+0000] {logging_mixin.py:188} INFO - [2026-02-02T11:16:22.260+0000] {dag.py:3036} INFO - Sync 2 DAGs
[2026-02-02T11:16:22.276+0000] {logging_mixin.py:188} INFO - [2026-02-02T11:16:22.275+0000] {dag.py:3823} INFO - Setting next_dagrun for nyc_taxi_full_pipeline to None, run_after=None
[2026-02-02T11:16:22.279+0000] {logging_mixin.py:188} INFO - [2026-02-02T11:16:22.279+0000] {dag.py:3823} INFO - Setting next_dagrun for nyc_taxi_monthly_refresh to 2026-01-01 02:00:00+00:00, run_after=2026-02-01 02:00:00+00:00
[2026-02-02T11:16:22.295+0000] {processor.py:183} INFO - Processing /opt/airflow/dags/nyc_taxi_pipeline.py took 0.081 seconds
